2019-02-22 15:29:33,231.844 DEBUG [/home/nt/share/yi/src/public/net/server/tcpServer.cpp:181][debug] accept cid:1
2019-02-22 15:29:36,729.821 DEBUG [/home/nt/share/yi/src/public/net/server/tcpServer.cpp:234][debug] alloc_cb cid:1
2019-02-22 15:29:36,729.887 DEBUG [/home/nt/share/yi/src/public/net/server/tcpServer.cpp:244][debug] read_cb:asd asd cid:1
2019-02-22 15:31:18,354.444 DEBUG [/home/nt/share/yi/src/public/net/server/tcpServer.cpp:234][debug] alloc_cb cid:1
2019-02-22 15:31:18,354.507 DEBUG [/home/nt/share/yi/src/public/net/server/tcpServer.cpp:244][debug] read_cb:123 123 cid:1
2019-02-22 15:31:19,763.005 DEBUG [/home/nt/share/yi/src/public/net/server/tcpServer.cpp:234][debug] alloc_cb cid:1
2019-02-22 15:31:19,763.051 DEBUG [/home/nt/share/yi/src/public/net/server/tcpServer.cpp:244][debug] read_cb:543 543 cid:1
2019-02-22 15:31:21,622.071 DEBUG [/home/nt/share/yi/src/public/net/server/tcpServer.cpp:234][debug] alloc_cb cid:1
2019-02-22 15:31:21,622.109 DEBUG [/home/nt/share/yi/src/public/net/server/tcpServer.cpp:244][debug] read_cb:12367 12367 cid:1
2019-02-22 15:31:23,294.109 DEBUG [/home/nt/share/yi/src/public/net/server/tcpServer.cpp:234][debug] alloc_cb cid:1
2019-02-22 15:31:23,294.149 DEBUG [/home/nt/share/yi/src/public/net/server/tcpServer.cpp:244][debug] read_cb:98765432 98765432 cid:1
2019-02-22 15:31:24,566.389 DEBUG [/home/nt/share/yi/src/public/net/server/tcpServer.cpp:234][debug] alloc_cb cid:1
2019-02-22 15:31:24,566.432 DEBUG [/home/nt/share/yi/src/public/net/server/tcpServer.cpp:244][debug] read_cb:12345678 12345678 cid:1
2019-02-22 15:31:25,501.927 DEBUG [/home/nt/share/yi/src/public/net/server/tcpServer.cpp:234][debug] alloc_cb cid:1
2019-02-22 15:31:25,501.970 DEBUG [/home/nt/share/yi/src/public/net/server/tcpServer.cpp:244][debug] read_cb:98765432 98765432 cid:1
2019-02-22 15:31:40,045.906 DEBUG [/home/nt/share/yi/src/public/net/server/tcpServer.cpp:234][debug] alloc_cb cid:1
2019-02-22 15:31:40,045.944 DEBUG [/home/nt/share/yi/src/public/net/server/tcpServer.cpp:244][debug] read_cb:98765432 98765432 cid:1

2019-02-22 15:37:01,871.653 DEBUG [/home/nt/share/yi/src/public/net/server/tcpServer.cpp:181][debug] accept cid:1
2019-02-22 15:37:04,173.105 DEBUG [/home/nt/share/yi/src/public/net/server/tcpServer.cpp:234][debug] alloc_cb cid:1
2019-02-22 15:37:04,173.206 DEBUG [/home/nt/share/yi/src/public/net/server/tcpServer.cpp:244][debug] read_cb:sdasd cid:1
2019-02-22 15:37:05,370.989 DEBUG [/home/nt/share/yi/src/public/net/server/tcpServer.cpp:234][debug] alloc_cb cid:1
2019-02-22 15:37:05,371.047 DEBUG [/home/nt/share/yi/src/public/net/server/tcpServer.cpp:244][debug] read_cb:efasf cid:1
2019-02-22 15:37:06,819.482 DEBUG [/home/nt/share/yi/src/public/net/server/tcpServer.cpp:234][debug] alloc_cb cid:1
2019-02-22 15:37:06,819.528 DEBUG [/home/nt/share/yi/src/public/net/server/tcpServer.cpp:244][debug] read_cb:1234567890 cid:1
2019-02-22 15:37:08,205.157 DEBUG [/home/nt/share/yi/src/public/net/server/tcpServer.cpp:234][debug] alloc_cb cid:1
2019-02-22 15:37:08,205.200 DEBUG [/home/nt/share/yi/src/public/net/server/tcpServer.cpp:244][debug] read_cb:12345690-=7890 cid:1
2019-02-22 15:37:09,927.953 DEBUG [/home/nt/share/yi/src/public/net/server/tcpServer.cpp:234][debug] alloc_cb cid:1
2019-02-22 15:37:09,927.994 DEBUG [/home/nt/share/yi/src/public/net/server/tcpServer.cpp:244][debug] read_cb:098765432 cid:1
2019-02-22 15:37:11,090.555 DEBUG [/home/nt/share/yi/src/public/net/server/tcpServer.cpp:234][debug] alloc_cb cid:1
2019-02-22 15:37:11,090.613 DEBUG [/home/nt/share/yi/src/public/net/server/tcpServer.cpp:244][debug] read_cb:23456789 cid:1
2019-02-22 15:37:49,444.545 DEBUG [/home/nt/share/yi/src/public/net/server/tcpServer.cpp:234][debug] alloc_cb cid:1
2019-02-22 15:37:49,444.668 DEBUG [/home/nt/share/yi/src/public/net/server/tcpServer.cpp:244][debug] read_cb:23456789 cid:1
