2019-03-28 14:26:32,536.792 INFO  [/home/nt/yi/src/frame/../test/co_test.cpp:79][info] __cpp_coroutines: 201703

2019-03-28 14:26:32,536.796 INFO  [/home/nt/yi/src/frame/../test/co_test.cpp:67][info] begin to co_await

2019-03-28 14:26:32,536.799 INFO  [/home/nt/yi/src/frame/../test/co_test.cpp:24][info] call await_ready: 5
2019-03-28 14:26:32,536.802 INFO  [/home/nt/yi/src/frame/../test/co_test.cpp:32][info] call await_suspend: 4

2019-03-28 14:26:32,536.804 INFO  [/home/nt/yi/src/frame/../test/co_test.cpp:85][info] about to resume: 4
2019-03-28 14:26:32,536.807 INFO  [/home/nt/yi/src/frame/../test/co_test.cpp:36][info] call await_resume: 4
2019-03-28 14:26:32,536.809 INFO  [/home/nt/yi/src/frame/../test/co_test.cpp:24][info] call await_ready: 4
2019-03-28 14:26:32,536.811 INFO  [/home/nt/yi/src/frame/../test/co_test.cpp:32][info] call await_suspend: 3

2019-03-28 14:26:32,536.813 INFO  [/home/nt/yi/src/frame/../test/co_test.cpp:85][info] about to resume: 3
2019-03-28 14:26:32,536.815 INFO  [/home/nt/yi/src/frame/../test/co_test.cpp:36][info] call await_resume: 3
2019-03-28 14:26:32,536.817 INFO  [/home/nt/yi/src/frame/../test/co_test.cpp:24][info] call await_ready: 3
2019-03-28 14:26:32,536.819 INFO  [/home/nt/yi/src/frame/../test/co_test.cpp:32][info] call await_suspend: 2

2019-03-28 14:26:32,536.820 INFO  [/home/nt/yi/src/frame/../test/co_test.cpp:85][info] about to resume: 2
2019-03-28 14:26:32,536.822 INFO  [/home/nt/yi/src/frame/../test/co_test.cpp:36][info] call await_resume: 2
2019-03-28 14:26:32,536.824 INFO  [/home/nt/yi/src/frame/../test/co_test.cpp:24][info] call await_ready: 2
2019-03-28 14:26:32,536.826 INFO  [/home/nt/yi/src/frame/../test/co_test.cpp:32][info] call await_suspend: 1

2019-03-28 14:26:32,536.827 INFO  [/home/nt/yi/src/frame/../test/co_test.cpp:85][info] about to resume: 1
2019-03-28 14:26:32,536.830 INFO  [/home/nt/yi/src/frame/../test/co_test.cpp:36][info] call await_resume: 1
2019-03-28 14:26:32,536.832 INFO  [/home/nt/yi/src/frame/../test/co_test.cpp:24][info] call await_ready: 1
2019-03-28 14:26:32,536.834 INFO  [/home/nt/yi/src/frame/../test/co_test.cpp:32][info] call await_suspend: 0

2019-03-28 14:26:32,536.836 INFO  [/home/nt/yi/src/frame/../test/co_test.cpp:85][info] about to resume: 0
2019-03-28 14:26:32,536.838 INFO  [/home/nt/yi/src/frame/../test/co_test.cpp:36][info] call await_resume: 0

2019-03-28 14:26:32,536.840 INFO  [/home/nt/yi/src/frame/../test/co_test.cpp:73][info] end of corotine


2019-03-28 15:12:50,901.612 INFO  [/home/nt/yi/src/frame/../test/co_test.cpp:24][info] call await_ready: 3
2019-03-28 15:12:50,901.615 INFO  [/home/nt/yi/src/frame/../test/co_test.cpp:32][info] call await_suspend: 2

2019-03-28 15:12:50,901.617 INFO  [/home/nt/yi/src/frame/../test/co_test.cpp:85][info] about to resume: 2
2019-03-28 15:12:50,901.620 INFO  [/home/nt/yi/src/frame/../test/co_test.cpp:36][info] call await_resume: 2
2019-03-28 15:12:50,901.621 INFO  [/home/nt/yi/src/frame/../test/co_test.cpp:24][info] call await_ready: 2
2019-03-28 15:12:50,901.623 INFO  [/home/nt/yi/src/frame/../test/co_test.cpp:32][info] call await_suspend: 1

2019-03-28 15:12:50,901.625 INFO  [/home/nt/yi/src/frame/../test/co_test.cpp:85][info] about to resume: 1
2019-03-28 15:12:50,901.627 INFO  [/home/nt/yi/src/frame/../test/co_test.cpp:36][info] call await_resume: 1
2019-03-28 15:12:50,901.629 INFO  [/home/nt/yi/src/frame/../test/co_test.cpp:24][info] call await_ready: 1
2019-03-28 15:12:50,901.631 INFO  [/home/nt/yi/src/frame/../test/co_test.cpp:32][info] call await_suspend: 0

2019-03-28 15:12:50,901.632 INFO  [/home/nt/yi/src/frame/../test/co_test.cpp:85][info] about to resume: 0
2019-03-28 15:12:50,901.634 INFO  [/home/nt/yi/src/frame/../test/co_test.cpp:36][info] call await_resume: 0
2019-03-28 15:12:50,901.636 INFO  [/home/nt/yi/src/frame/../test/co_test.cpp:24][info] call await_ready: 0
2019-03-28 15:12:50,901.637 INFO  [/home/nt/yi/src/frame/../test/co_test.cpp:36][info] call await_resume: 0
2019-03-28 15:12:50,901.639 INFO  [/home/nt/yi/src/frame/../test/co_test.cpp:24][info] call await_ready: 0
2019-03-28 15:12:50,901.641 INFO  [/home/nt/yi/src/frame/../test/co_test.cpp:36][info] call await_resume: 0

2019-03-28 15:52:01,663.315 INFO  [/home/nt/yi/src/frame/../common/log/log.hpp:28][info] =======================================start log==========================================
2019-03-28 15:52:01,663.431 INFO  [/home/nt/yi/src/frame/../test/co_test.cpp:73][info] __cpp_coroutines: 201703
2019-03-28 15:52:01,663.436 INFO  [/home/nt/yi/src/frame/../test/co_test.cpp:61][info] begin to co_await
2019-03-28 15:52:01,663.440 INFO  [/home/nt/yi/src/frame/../test/co_test.cpp:18][info] call await_ready: 3
2019-03-28 15:52:01,663.443 INFO  [/home/nt/yi/src/frame/../test/co_test.cpp:26][info] call await_suspend: 2
2019-03-28 15:52:01,663.446 INFO  [/home/nt/yi/src/frame/../test/co_test.cpp:79][info] about to resume: 2
2019-03-28 15:52:01,663.448 INFO  [/home/nt/yi/src/frame/../test/co_test.cpp:30][info] call await_resume: 2
2019-03-28 15:52:01,663.450 INFO  [/home/nt/yi/src/frame/../test/co_test.cpp:18][info] call await_ready: 2
2019-03-28 15:52:01,663.452 INFO  [/home/nt/yi/src/frame/../test/co_test.cpp:26][info] call await_suspend: 1
2019-03-28 15:52:01,663.454 INFO  [/home/nt/yi/src/frame/../test/co_test.cpp:79][info] about to resume: 1
2019-03-28 15:52:01,663.456 INFO  [/home/nt/yi/src/frame/../test/co_test.cpp:30][info] call await_resume: 1
2019-03-28 15:52:01,663.469 INFO  [/home/nt/yi/src/frame/../test/co_test.cpp:18][info] call await_ready: 1
2019-03-28 15:52:01,663.472 INFO  [/home/nt/yi/src/frame/../test/co_test.cpp:26][info] call await_suspend: 0
2019-03-28 15:52:01,663.474 INFO  [/home/nt/yi/src/frame/../test/co_test.cpp:79][info] about to resume: 0
2019-03-28 15:52:01,663.476 INFO  [/home/nt/yi/src/frame/../test/co_test.cpp:30][info] call await_resume: 0
2019-03-28 15:52:01,663.478 INFO  [/home/nt/yi/src/frame/../test/co_test.cpp:18][info] call await_ready: 0
2019-03-28 15:52:01,663.480 INFO  [/home/nt/yi/src/frame/../test/co_test.cpp:30][info] call await_resume: 0
2019-03-28 15:52:01,663.482 INFO  [/home/nt/yi/src/frame/../test/co_test.cpp:18][info] call await_ready: 0
2019-03-28 15:52:01,663.552 INFO  [/home/nt/yi/src/frame/../test/co_test.cpp:30][info] call await_resume: 0
2019-03-28 15:52:01,663.558 INFO  [/home/nt/yi/src/frame/../test/co_test.cpp:67][info] end of corotine
2019-03-28 15:52:01,663.851 INFO  [/home/nt/yi/src/common/net/server/tcpServer.cpp:157][info] server bind ip=0.0.0.0, port=8890
2019-03-28 15:52:01,663.901 INFO  [/home/nt/yi/src/common/net/server/tcpServer.cpp:170][info] server listen
2019-03-28 15:52:01,663.908 INFO  [/home/nt/yi/src/common/net/server/tcpServer.cpp:284][info] start listen 0.0.0.0: 8890
